2023-07-07 09:15:54,292 [INFO] ApplicationProperties:184 - Using Application install path: C:\ST\STM32CubeIDE_1.12.1\STM32CubeIDE\plugins\com.st.stm32cube.common.mx_6.8.1.202304191431
2023-07-07 09:15:54,322 [INFO] DbMcusXml:78 - Set database path to: C:\ST\STM32CubeIDE_1.12.1\STM32CubeIDE\plugins\com.st.stm32cube.common.mx_6.8.1.202304191431\\db\/mcu/
2023-07-07 09:15:54,322 [INFO] ApiDb:274 - Set plugin database path to: C:\ST\STM32CubeIDE_1.12.1\STM32CubeIDE\plugins\com.st.stm32cube.common.mx_6.8.1.202304191431\\db\/plugins/boardmanager/
2023-07-07 09:15:54,322 [WARN] ApiDb:259 - Overriding images path with different value:  => C:\ST\STM32CubeIDE_1.12.1\STM32CubeIDE\plugins\com.st.stm32cube.common.mx_6.8.1.202304191431\\db\/plugins/mcufinder/images/
2023-07-07 09:15:54,342 [INFO] ApiDb:250 - Set database path to: C:\Users\90543\.stmcufinder\plugins\mcufinder//mcu/
2023-07-07 09:15:54,347 [INFO] DbMcusAds:125 - Set database path to: C:\Users\90543\.stmcufinder\plugins\mcufinder//mcu/
2023-07-07 09:15:54,510 [INFO] CrossReferenceDbSqlite:203 - Set database path to: C:\Users\90543\.stmcufinder\plugins\mcufinder//mcu/cs/
2023-07-07 09:15:54,635 [INFO] RulesReader:64 - Compatibility file has been processed (293 Rules)
2023-07-07 09:15:54,715 [INFO] DbMcusXml:78 - Set database path to: C:\ST\STM32CubeIDE_1.12.1\STM32CubeIDE\plugins\com.st.stm32cube.common.mx_6.8.1.202304191431\\db\/mcu/
2023-07-07 09:15:54,715 [INFO] ApiDb:274 - Set plugin database path to: C:\ST\STM32CubeIDE_1.12.1\STM32CubeIDE\plugins\com.st.stm32cube.common.mx_6.8.1.202304191431\\db\/plugins/boardmanager/
2023-07-07 09:15:54,715 [INFO] ApiDb:261 - Set plugin images path to: C:\ST\STM32CubeIDE_1.12.1\STM32CubeIDE\plugins\com.st.stm32cube.common.mx_6.8.1.202304191431\\db\/plugins/mcufinder/images/
2023-07-07 09:15:54,715 [WARN] DbFile:41 - Overriding database path with different value: C:\Users\90543\.stmcufinder\plugins\mcufinder/ => C:\Users\90543\.stmcufinder\plugins\mcufinder
2023-07-07 09:15:54,715 [INFO] ApiDb:250 - Set database path to: C:\Users\90543\.stmcufinder\plugins\mcufinder//mcu/
2023-07-07 09:15:54,715 [WARN] DbFile:41 - Overriding database path with different value: C:\Users\90543\.stmcufinder\plugins\mcufinder/ => C:\Users\90543\.stmcufinder\plugins\mcufinder
2023-07-07 09:15:54,715 [INFO] DbMcusAds:125 - Set database path to: C:\Users\90543\.stmcufinder\plugins\mcufinder//mcu/
2023-07-07 09:15:54,715 [WARN] DbFile:41 - Overriding database path with different value: C:\Users\90543\.stmcufinder\plugins\mcufinder/ => C:\Users\90543\.stmcufinder\plugins\mcufinder
2023-07-07 09:15:54,715 [WARN] DbFile:41 - Overriding database path with different value: C:\Users\90543\.stmcufinder\plugins\mcufinder/ => C:\Users\90543\.stmcufinder\plugins\mcufinder
2023-07-07 09:15:54,715 [INFO] CrossReferenceDbSqlite:203 - Set database path to: C:\Users\90543\.stmcufinder\plugins\mcufinder//mcu/cs/
2023-07-07 09:15:54,790 [INFO] MainPanel:253 - HeapMemory: 375390208
2023-07-07 09:15:54,905 [INFO] DbMcusXml:78 - Set database path to: C:\ST\STM32CubeIDE_1.12.1\STM32CubeIDE\plugins\com.st.stm32cube.common.mx_6.8.1.202304191431\\db\/mcu/
2023-07-07 09:15:54,905 [INFO] ApiDb:274 - Set plugin database path to: C:\ST\STM32CubeIDE_1.12.1\STM32CubeIDE\plugins\com.st.stm32cube.common.mx_6.8.1.202304191431\\db\/plugins/boardmanager/
2023-07-07 09:15:54,905 [INFO] ApiDb:261 - Set plugin images path to: C:\ST\STM32CubeIDE_1.12.1\STM32CubeIDE\plugins\com.st.stm32cube.common.mx_6.8.1.202304191431\\db\/plugins/mcufinder/images/
2023-07-07 09:15:54,905 [WARN] DbFile:41 - Overriding database path with different value: C:\Users\90543\.stmcufinder\plugins\mcufinder/ => C:\Users\90543\.stmcufinder\plugins\mcufinder
2023-07-07 09:15:54,905 [INFO] ApiDb:250 - Set database path to: C:\Users\90543\.stmcufinder\plugins\mcufinder//mcu/
2023-07-07 09:15:54,905 [WARN] DbFile:41 - Overriding database path with different value: C:\Users\90543\.stmcufinder\plugins\mcufinder/ => C:\Users\90543\.stmcufinder\plugins\mcufinder
2023-07-07 09:15:54,905 [INFO] DbMcusAds:125 - Set database path to: C:\Users\90543\.stmcufinder\plugins\mcufinder//mcu/
2023-07-07 09:15:54,905 [WARN] DbFile:41 - Overriding database path with different value: C:\Users\90543\.stmcufinder\plugins\mcufinder/ => C:\Users\90543\.stmcufinder\plugins\mcufinder
2023-07-07 09:15:54,905 [WARN] DbFile:41 - Overriding database path with different value: C:\Users\90543\.stmcufinder\plugins\mcufinder/ => C:\Users\90543\.stmcufinder\plugins\mcufinder
2023-07-07 09:15:54,905 [INFO] CrossReferenceDbSqlite:203 - Set database path to: C:\Users\90543\.stmcufinder\plugins\mcufinder//mcu/cs/
2023-07-07 09:15:54,935 [INFO] ApplicationProperties:184 - Using Application install path: C:\ST\STM32CubeIDE_1.12.1\STM32CubeIDE\plugins\com.st.stm32cube.common.mx_6.8.1.202304191431
2023-07-07 09:15:54,935 [INFO] PluginManage:196 - Search for loadable plugins [exclusion list=, ]
2023-07-07 09:15:54,935 [INFO] PluginManage:310 - Check plugin analytics
2023-07-07 09:15:59,693 [INFO] AnalyticsPlugin:253 - Accepted Software Licenses: 
2023-07-07 09:15:59,693 [INFO] AnalyticsPlugin:255 - Accepted CMSIS Pack Licenses: 
2023-07-07 09:15:59,693 [INFO] AnalyticsPlugin:257 - Accepted Firmware Licenses: FW.F4.1.27.0
2023-07-07 09:15:59,698 [INFO] PluginManage:359 - Loaded plugin analytics (category:tool,tabindex:-1)
2023-07-07 09:15:59,698 [INFO] PluginManage:310 - Check plugin cadmodel
2023-07-07 09:15:59,713 [INFO] CADModel:105 - Init CAD model plugin
2023-07-07 09:15:59,713 [INFO] PluginManage:359 - Loaded plugin cadmodel (category:power,tabindex:5)
2023-07-07 09:15:59,713 [INFO] PluginManage:310 - Check plugin clock
2023-07-07 09:15:59,728 [INFO] PluginManage:359 - Loaded plugin clock (category:base,tabindex:2)
2023-07-07 09:15:59,733 [INFO] PluginManage:310 - Check plugin ddr
2023-07-07 09:15:59,733 [INFO] PluginManage:359 - Loaded plugin ddr (category:tool,tabindex:6)
2023-07-07 09:15:59,733 [INFO] PluginManage:310 - Check plugin filemanager
2023-07-07 09:15:59,868 [INFO] PluginManage:359 - Loaded plugin filemanager (category:base,tabindex:10)
2023-07-07 09:15:59,868 [INFO] PluginManage:310 - Check plugin ipmanager
2023-07-07 09:15:59,878 [INFO] PluginManage:359 - Loaded plugin ipmanager (category:base,tabindex:5)
2023-07-07 09:15:59,878 [INFO] PluginManage:310 - Check plugin lpbam
2023-07-07 09:15:59,898 [INFO] PluginManage:359 - Loaded plugin lpbam (category:base,tabindex:0)
2023-07-07 09:15:59,898 [INFO] PluginManage:310 - Check plugin pinoutandconfiguration
2023-07-07 09:15:59,913 [INFO] PluginManage:359 - Loaded plugin pinoutandconfiguration (category:base,tabindex:1)
2023-07-07 09:15:59,913 [INFO] PluginManage:310 - Check plugin pinoutconfig
2023-07-07 09:16:00,008 [WARN] SupportedApi:132 - Cannot load RTOS API schema: s4s-elt-must-match.1: The content of 'definitions' must match (annotation?, (simpleType | complexType)?, (unique | key | keyref)*)). A problem was found starting at: attribute.
2023-07-07 09:16:00,153 [INFO] PluginManage:359 - Loaded plugin pinoutconfig (category:base,tabindex:0)
2023-07-07 09:16:00,153 [INFO] PluginManage:310 - Check plugin power
2023-07-07 09:16:00,178 [INFO] PluginManage:359 - Loaded plugin power (category:power,tabindex:4)
2023-07-07 09:16:00,178 [INFO] PluginManage:310 - Check plugin projectmanager
2023-07-07 09:16:00,193 [INFO] PluginManage:359 - Loaded plugin projectmanager (category:projectmanager,tabindex:3)
2023-07-07 09:16:00,193 [INFO] PluginManage:310 - Check plugin thirdparty
2023-07-07 09:16:00,408 [INFO] PluginManage:359 - Loaded plugin thirdparty (category:base,tabindex:-1)
2023-07-07 09:16:00,408 [WARN] IntegrityCheckThread:84 - waiting for thirdparty lock release [integrity check]
2023-07-07 09:16:00,413 [INFO] PluginManage:310 - Check plugin tools
2023-07-07 09:16:00,413 [INFO] IntegrityCheckThread:86 - entering critical section [integrity check]
2023-07-07 09:16:00,413 [INFO] ThirdPartyUpdaterWithRetryManager:70 - Updater plugin not ready yet. [1/15]
2023-07-07 09:16:00,438 [INFO] PluginManage:359 - Loaded plugin tools (category:base,tabindex:7)
2023-07-07 09:16:00,438 [INFO] PluginManage:310 - Check plugin tutovideos
2023-07-07 09:16:00,658 [INFO] PluginManage:359 - Loaded plugin tutovideos (category:base,tabindex:-1)
2023-07-07 09:16:00,658 [INFO] PluginManage:310 - Check plugin updater
2023-07-07 09:16:00,673 [INFO] PluginManage:359 - Loaded plugin updater (category:base,tabindex:12)
2023-07-07 09:16:00,673 [INFO] PluginManage:283 - PluginManage : Loaded plugins [15]
2023-07-07 09:16:00,928 [INFO] PinOutPanel:1499 - setPackage(No Configuration,No Configuration)
2023-07-07 09:16:01,008 [INFO] CADModel:165 - CPN selected for project level
2023-07-07 09:16:01,008 [INFO] CADModel:114 - Register for checkConnection events
2023-07-07 09:16:01,033 [INFO] IPUIPlugin:80 - create IPUIPlugin
2023-07-07 09:16:01,033 [INFO] PluginManager:220 - loadIPPluginJar : add adc
2023-07-07 09:16:01,068 [INFO] IPUIPlugin:80 - create IPUIPlugin
2023-07-07 09:16:01,068 [INFO] PluginManager:220 - loadIPPluginJar : add aes
2023-07-07 09:16:01,098 [INFO] IPUIPlugin:80 - create IPUIPlugin
2023-07-07 09:16:01,098 [INFO] PluginManager:220 - loadIPPluginJar : add can
2023-07-07 09:16:01,118 [INFO] IPUIPlugin:80 - create IPUIPlugin
2023-07-07 09:16:01,118 [INFO] PluginManager:220 - loadIPPluginJar : add comp
2023-07-07 09:16:01,148 [INFO] IPUIPlugin:80 - create IPUIPlugin
2023-07-07 09:16:01,148 [INFO] PluginManager:220 - loadIPPluginJar : add cryp
2023-07-07 09:16:01,174 [INFO] IPUIPlugin:80 - create IPUIPlugin
2023-07-07 09:16:01,174 [INFO] PluginManager:220 - loadIPPluginJar : add dfsdm
2023-07-07 09:16:01,186 [INFO] IPUIPlugin:80 - create IPUIPlugin
2023-07-07 09:16:01,186 [INFO] PluginManager:220 - loadIPPluginJar : add dma
2023-07-07 09:16:01,221 [INFO] IPUIPlugin:80 - create IPUIPlugin
2023-07-07 09:16:01,221 [INFO] PluginManager:220 - loadIPPluginJar : add dma3
2023-07-07 09:16:01,236 [INFO] IPUIPlugin:80 - create IPUIPlugin
2023-07-07 09:16:01,236 [INFO] PluginManager:220 - loadIPPluginJar : add fatfs
2023-07-07 09:16:01,276 [INFO] IPUIPlugin:80 - create IPUIPlugin
2023-07-07 09:16:01,276 [INFO] PluginManager:220 - loadIPPluginJar : add fmc
2023-07-07 09:16:01,286 [INFO] IPUIPlugin:80 - create IPUIPlugin
2023-07-07 09:16:01,286 [INFO] PluginManager:220 - loadIPPluginJar : add freertos
2023-07-07 09:16:01,306 [INFO] IPUIPlugin:80 - create IPUIPlugin
2023-07-07 09:16:01,306 [INFO] PluginManager:220 - loadIPPluginJar : add genericplugin
2023-07-07 09:16:01,376 [INFO] IPUIPlugin:80 - create IPUIPlugin
2023-07-07 09:16:01,376 [INFO] PluginManager:220 - loadIPPluginJar : add gfxmmu
2023-07-07 09:16:01,471 [INFO] IPUIPlugin:80 - create IPUIPlugin
2023-07-07 09:16:01,471 [INFO] PluginManager:220 - loadIPPluginJar : add gic
2023-07-07 09:16:01,486 [INFO] IPUIPlugin:80 - create IPUIPlugin
2023-07-07 09:16:01,486 [INFO] PluginManager:220 - loadIPPluginJar : add gpio
2023-07-07 09:16:01,551 [INFO] IPUIPlugin:80 - create IPUIPlugin
2023-07-07 09:16:01,551 [INFO] PluginManager:220 - loadIPPluginJar : add gtzc
2023-07-07 09:16:01,576 [INFO] IPUIPlugin:80 - create IPUIPlugin
2023-07-07 09:16:01,576 [INFO] PluginManager:220 - loadIPPluginJar : add hash
2023-07-07 09:16:01,616 [INFO] IPUIPlugin:80 - create IPUIPlugin
2023-07-07 09:16:01,616 [INFO] PluginManager:220 - loadIPPluginJar : add i2c
2023-07-07 09:16:01,646 [INFO] IPUIPlugin:80 - create IPUIPlugin
2023-07-07 09:16:01,646 [INFO] PluginManager:220 - loadIPPluginJar : add i2s
2023-07-07 09:16:01,681 [INFO] IPUIPlugin:80 - create IPUIPlugin
2023-07-07 09:16:01,681 [INFO] PluginManager:220 - loadIPPluginJar : add i3c
2023-07-07 09:16:01,771 [INFO] IPUIPlugin:80 - create IPUIPlugin
2023-07-07 09:16:01,771 [INFO] PluginManager:220 - loadIPPluginJar : add ipddr
2023-07-07 09:16:01,841 [INFO] IPUIPlugin:80 - create IPUIPlugin
2023-07-07 09:16:01,841 [INFO] PluginManager:220 - loadIPPluginJar : add linkedlist
2023-07-07 09:16:01,871 [INFO] IPUIPlugin:80 - create IPUIPlugin
2023-07-07 09:16:01,871 [INFO] PluginManager:220 - loadIPPluginJar : add lorawan
2023-07-07 09:16:01,896 [INFO] IPUIPlugin:80 - create IPUIPlugin
2023-07-07 09:16:01,896 [INFO] PluginManager:220 - loadIPPluginJar : add ltdc
2023-07-07 09:16:01,911 [INFO] IPUIPlugin:80 - create IPUIPlugin
2023-07-07 09:16:01,911 [INFO] PluginManager:220 - loadIPPluginJar : add mdma
2023-07-07 09:16:01,921 [INFO] IPUIPlugin:80 - create IPUIPlugin
2023-07-07 09:16:01,921 [INFO] PluginManager:220 - loadIPPluginJar : add nvic
2023-07-07 09:16:01,951 [INFO] IPUIPlugin:80 - create IPUIPlugin
2023-07-07 09:16:01,951 [INFO] PluginManager:220 - loadIPPluginJar : add opamp
2023-07-07 09:16:02,006 [INFO] IPUIPlugin:80 - create IPUIPlugin
2023-07-07 09:16:02,006 [INFO] PluginManager:220 - loadIPPluginJar : add openamp
2023-07-07 09:16:02,036 [INFO] IPUIPlugin:80 - create IPUIPlugin
2023-07-07 09:16:02,036 [INFO] PluginManager:220 - loadIPPluginJar : add pdm2pcm
2023-07-07 09:16:02,051 [INFO] IPUIPlugin:80 - create IPUIPlugin
2023-07-07 09:16:02,051 [INFO] PluginManager:220 - loadIPPluginJar : add plateformsettings
2023-07-07 09:16:02,071 [INFO] IPUIPlugin:80 - create IPUIPlugin
2023-07-07 09:16:02,071 [INFO] PluginManager:220 - loadIPPluginJar : add quadspi
2023-07-07 09:16:02,081 [INFO] IPUIPlugin:80 - create IPUIPlugin
2023-07-07 09:16:02,081 [INFO] PluginManager:220 - loadIPPluginJar : add resmgrutility
2023-07-07 09:16:02,121 [INFO] IPUIPlugin:80 - create IPUIPlugin
2023-07-07 09:16:02,121 [INFO] PluginManager:220 - loadIPPluginJar : add sai
2023-07-07 09:16:02,146 [INFO] IPUIPlugin:80 - create IPUIPlugin
2023-07-07 09:16:02,146 [INFO] PluginManager:220 - loadIPPluginJar : add spi
2023-07-07 09:16:02,191 [INFO] IPUIPlugin:80 - create IPUIPlugin
2023-07-07 09:16:02,191 [INFO] PluginManager:220 - loadIPPluginJar : add stm32_wpan
2023-07-07 09:16:02,206 [INFO] IPUIPlugin:80 - create IPUIPlugin
2023-07-07 09:16:02,206 [INFO] PluginManager:220 - loadIPPluginJar : add tim
2023-07-07 09:16:02,251 [INFO] IPUIPlugin:80 - create IPUIPlugin
2023-07-07 09:16:02,251 [INFO] PluginManager:220 - loadIPPluginJar : add touchsensing
2023-07-07 09:16:02,266 [INFO] IPUIPlugin:80 - create IPUIPlugin
2023-07-07 09:16:02,266 [INFO] PluginManager:220 - loadIPPluginJar : add tracer_emb
2023-07-07 09:16:02,286 [INFO] IPUIPlugin:80 - create IPUIPlugin
2023-07-07 09:16:02,286 [INFO] PluginManager:220 - loadIPPluginJar : add ts
2023-07-07 09:16:02,301 [INFO] IPUIPlugin:80 - create IPUIPlugin
2023-07-07 09:16:02,301 [INFO] PluginManager:220 - loadIPPluginJar : add tsc
2023-07-07 09:16:02,321 [INFO] IPUIPlugin:80 - create IPUIPlugin
2023-07-07 09:16:02,321 [INFO] PluginManager:220 - loadIPPluginJar : add ucpd
2023-07-07 09:16:02,356 [INFO] IPUIPlugin:80 - create IPUIPlugin
2023-07-07 09:16:02,356 [INFO] PluginManager:220 - loadIPPluginJar : add usart
2023-07-07 09:16:02,386 [INFO] IPUIPlugin:80 - create IPUIPlugin
2023-07-07 09:16:02,386 [INFO] PluginManager:220 - loadIPPluginJar : add usbx
2023-07-07 09:16:02,509 [INFO] CADModel:165 - CPN selected for project level
2023-07-07 09:16:02,509 [INFO] CADModel:114 - Register for checkConnection events
2023-07-07 09:16:02,509 [FATAL] Updater:308 - Updater called before beeing initialized
2023-07-07 09:16:02,509 [ERROR] CADModel:125 - Updater not yet initialized, retry later 
2023-07-07 09:16:02,659 [INFO] CADModel:165 - CPN selected for project level
2023-07-07 09:16:02,659 [INFO] CADModel:114 - Register for checkConnection events
2023-07-07 09:16:02,659 [FATAL] Updater:308 - Updater called before beeing initialized
2023-07-07 09:16:02,659 [ERROR] CADModel:125 - Updater not yet initialized, retry later 
2023-07-07 09:16:02,664 [FATAL] Updater:308 - Updater called before beeing initialized
2023-07-07 09:16:02,779 [FATAL] Updater:308 - Updater called before beeing initialized
2023-07-07 09:16:02,789 [INFO] DbMcusAds:53 - JSON generation date=Tue Mar 07 11:50:55 TRT 2023 (1678179055335)
2023-07-07 09:16:02,789 [FATAL] Updater:308 - Updater called before beeing initialized
2023-07-07 09:16:02,854 [WARN] DetailPanel:346 - Failed to get advertising image, set to default
2023-07-07 09:16:02,959 [FATAL] Updater:308 - Updater called before beeing initialized
2023-07-07 09:16:02,959 [FATAL] Updater:308 - Updater called before beeing initialized
2023-07-07 09:16:02,959 [FATAL] Updater:308 - Updater called before beeing initialized
2023-07-07 09:16:02,959 [WARN] DetailPanel:346 - Failed to get advertising image, set to default
2023-07-07 09:16:02,964 [FATAL] Updater:308 - Updater called before beeing initialized
2023-07-07 09:16:03,019 [ERROR] Updater:1120 - MainUpdater not yet initialized. External WinMGr cannot be set.
2023-07-07 09:16:03,029 [INFO] Updater:1056 - Updater Version found : 6.8.1
2023-07-07 09:16:03,044 [INFO] ApplicationProperties:184 - Using Application install path: C:\ST\STM32CubeIDE_1.12.1\STM32CubeIDE\plugins\com.st.stm32cube.common.mx_6.8.1.202304191431
2023-07-07 09:16:03,109 [INFO] MainUpdater:519 - Copy updater definitions from MX database
2023-07-07 09:16:03,224 [INFO] MainUpdater:2854 - connection check result : 10
2023-07-07 09:16:03,224 [INFO] MainUpdater:3548 - Updater definition file requires update
2023-07-07 09:16:03,229 [INFO] MainUpdater:283 - Updater Check For Update Now.
2023-07-07 09:16:03,229 [INFO] MicroXplorer:498 - Change Database Version : DB.6.0.81
2023-07-07 09:16:03,339 [INFO] ServerAccessManage:473 - Download File updaters.zip
2023-07-07 09:16:03,414 [WARN] MainUpdater:1187 - Updater busy. Cannot search thirdparties
2023-07-07 09:16:03,414 [INFO] ThirdPartyUpdaterWithRetryManager:96 - Updater plugin is busy. [1/15]
2023-07-07 09:16:03,916 [INFO] FileExtend:240 - Unzip File : updaters.zip
2023-07-07 09:16:03,916 [INFO] FileExtend:255 - Standard Zip Deflate
2023-07-07 09:16:04,666 [INFO] ServerAccessManage:473 - Download File PacksControlFlags.xml
2023-07-07 09:16:04,801 [INFO] ServerAccessManage:473 - Download File cubemx.pidx
2023-07-07 09:16:04,886 [INFO] LoadServerUpdatesThread:373 - End of LoadServerUpdate Thread
2023-07-07 09:16:05,066 [INFO] CheckServerUpdateThread:120 - End of CheckServer Thread
2023-07-07 09:16:05,126 [INFO] MainUpdater:2854 - connection check result : 10
2023-07-07 09:16:05,156 [INFO] McuFinderGlobals:66 - Set McuFinderConnectedMode to true
2023-07-07 09:16:05,798 [INFO] ServerAccessManage:473 - Download File mcusAds.json._tmp_
2023-07-07 09:16:05,923 [INFO] LoadUrlFilesThread:156 - End of LoadUrlFiles Thread
2023-07-07 09:16:06,138 [INFO] ServerAccessManage:473 - Download File cube-finder-db.zip
2023-07-07 09:16:06,415 [WARN] MainUpdater:1187 - Updater busy. Cannot search thirdparties
2023-07-07 09:16:06,415 [INFO] ThirdPartyUpdaterWithRetryManager:96 - Updater plugin is busy. [2/15]
2023-07-07 09:16:09,426 [WARN] MainUpdater:1187 - Updater busy. Cannot search thirdparties
2023-07-07 09:16:09,426 [INFO] ThirdPartyUpdaterWithRetryManager:96 - Updater plugin is busy. [3/15]
2023-07-07 09:16:12,427 [WARN] MainUpdater:1187 - Updater busy. Cannot search thirdparties
2023-07-07 09:16:12,427 [INFO] ThirdPartyUpdaterWithRetryManager:96 - Updater plugin is busy. [4/15]
2023-07-07 09:16:15,437 [WARN] MainUpdater:1187 - Updater busy. Cannot search thirdparties
2023-07-07 09:16:15,437 [INFO] ThirdPartyUpdaterWithRetryManager:96 - Updater plugin is busy. [5/15]
2023-07-07 09:16:18,439 [WARN] MainUpdater:1187 - Updater busy. Cannot search thirdparties
2023-07-07 09:16:18,439 [INFO] ThirdPartyUpdaterWithRetryManager:96 - Updater plugin is busy. [6/15]
2023-07-07 09:16:21,441 [WARN] MainUpdater:1187 - Updater busy. Cannot search thirdparties
2023-07-07 09:16:21,441 [INFO] ThirdPartyUpdaterWithRetryManager:96 - Updater plugin is busy. [7/15]
2023-07-07 09:16:24,448 [WARN] MainUpdater:1187 - Updater busy. Cannot search thirdparties
2023-07-07 09:16:24,448 [INFO] ThirdPartyUpdaterWithRetryManager:96 - Updater plugin is busy. [8/15]
2023-07-07 09:16:27,449 [WARN] MainUpdater:1187 - Updater busy. Cannot search thirdparties
2023-07-07 09:16:27,450 [INFO] ThirdPartyUpdaterWithRetryManager:96 - Updater plugin is busy. [9/15]
2023-07-07 09:16:30,461 [WARN] MainUpdater:1187 - Updater busy. Cannot search thirdparties
2023-07-07 09:16:30,461 [INFO] ThirdPartyUpdaterWithRetryManager:96 - Updater plugin is busy. [10/15]
2023-07-07 09:16:33,466 [WARN] MainUpdater:1187 - Updater busy. Cannot search thirdparties
2023-07-07 09:16:33,466 [INFO] ThirdPartyUpdaterWithRetryManager:96 - Updater plugin is busy. [11/15]
2023-07-07 09:16:36,478 [WARN] MainUpdater:1187 - Updater busy. Cannot search thirdparties
2023-07-07 09:16:36,478 [INFO] ThirdPartyUpdaterWithRetryManager:96 - Updater plugin is busy. [12/15]
2023-07-07 09:16:39,486 [WARN] MainUpdater:1187 - Updater busy. Cannot search thirdparties
2023-07-07 09:16:39,486 [INFO] ThirdPartyUpdaterWithRetryManager:96 - Updater plugin is busy. [13/15]
2023-07-07 09:16:42,489 [WARN] MainUpdater:1187 - Updater busy. Cannot search thirdparties
2023-07-07 09:16:42,489 [INFO] ThirdPartyUpdaterWithRetryManager:96 - Updater plugin is busy. [14/15]
2023-07-07 09:16:45,501 [WARN] MainUpdater:1187 - Updater busy. Cannot search thirdparties
2023-07-07 09:16:45,501 [INFO] ThirdPartyUpdaterWithRetryManager:96 - Updater plugin is busy. [15/15]
2023-07-07 09:16:45,501 [ERROR] IntegrityCheckThread:130 - Cannot retrieve database content from updater: error -1
2023-07-07 09:16:45,501 [INFO] ThirdParty:978 - Integrity check success = false
2023-07-07 09:16:45,501 [INFO] IntegrityCheckThread:100 - exiting critical section [integrity check]
2023-07-07 09:16:45,501 [INFO] IntegrityCheckThread:103 - End integrity checks thread
2023-07-07 09:18:20,162 [INFO] FileExtend:240 - Unzip File : cube-finder-db.zip
2023-07-07 09:18:20,162 [INFO] FileExtend:255 - Standard Zip Deflate
2023-07-07 09:18:21,323 [INFO] LoadUrlFilesThread:156 - End of LoadUrlFiles Thread
2023-07-07 09:18:21,904 [INFO] ServerAccessManage:473 - Download File crdb.zip
2023-07-07 09:18:23,149 [INFO] FileExtend:240 - Unzip File : crdb.zip
2023-07-07 09:18:23,149 [INFO] FileExtend:255 - Standard Zip Deflate
2023-07-07 09:18:23,295 [INFO] LoadUrlFilesThread:156 - End of LoadUrlFiles Thread
2023-07-07 09:18:23,401 [INFO] ServerAccessManage:473 - Download File tutoVideoDB.zip
2023-07-07 09:18:23,559 [INFO] FileExtend:240 - Unzip File : tutoVideoDB.zip
2023-07-07 09:18:23,560 [INFO] FileExtend:255 - Standard Zip Deflate
2023-07-07 09:18:23,681 [INFO] LoadUrlFilesThread:156 - End of LoadUrlFiles Thread
2023-07-07 09:18:23,686 [WARN] DbFile:41 - Overriding database path with different value: C:\Users\90543\.stmcufinder\plugins\mcufinder/ => C:\Users\90543\.stmcufinder\plugins\mcufinder
2023-07-07 09:18:23,918 [INFO] ServerAccessManage:473 - Download File api_config.json
2023-07-07 09:18:24,027 [INFO] LoadUrlFilesThread:156 - End of LoadUrlFiles Thread
2023-07-07 09:18:24,028 [INFO] DbMcusAds:53 - JSON generation date=Tue Mar 07 11:50:55 TRT 2023 (1678179055335)
2023-07-07 09:18:24,050 [INFO] LoadUrlFilesThread:185 - End of LoadServerUrlFiles without Thread
2023-07-07 09:18:24,050 [INFO] TargetSelectorAdapter:259 - Refresh data is successful
2023-07-07 09:18:24,187 [INFO] ApiDb:581 - Connected to CubeFinder SQLite database (C:\Users\90543\.stmcufinder\plugins\mcufinder\mcu\cube-finder-db.db)
2023-07-07 09:18:24,265 [INFO] ApiDb:668 - CubeFinder database Data Model version=2.1
2023-07-07 09:18:24,265 [INFO] ApiDb:669 - CubeFinder database Configuration version=3.0.35
2023-07-07 09:18:24,265 [INFO] ApiDb:670 - CubeFinder database generation date=2023-05-12 (1683877179)
2023-07-07 09:18:24,265 [INFO] ApiDb:671 - CubeFinder database FW Pack versions=[FP-ATR-ASTRA1_V2.0.0, FP-SNS-FLIGHT1_V5.0.0, FP-SNS-MOTENV1_V4.3.0, STM32Cube_FW_C0_V1.0.1, STM32Cube_FW_F0_V1.11.4, STM32Cube_FW_F3_V1.11.4, STM32Cube_FW_F4_V1.27.1, STM32Cube_FW_F7_V1.17.0, STM32Cube_FW_G0_V1.6.1, STM32Cube_FW_G4_V1.5.1, STM32Cube_FW_H5_V0.5.1, STM32Cube_FW_H5_V1.0.0, STM32Cube_FW_H7_V1.11.0, STM32Cube_FW_L0_V1.12.2, STM32Cube_FW_L5_V1.5.0, STM32Cube_FW_U5_V1.2.0, STM32Cube_FW_WBA_V1.0.0, STM32Cube_FW_WBA_V1.0.0RC1, STM32Cube_FW_WBA_V1.0.0RC3, STM32Cube_FW_WB_V1.15.0RC1, STM32Cube_FW_WB_V1.16.0, STM32Cube_FW_WB_V1.16.0RC2, STM32Cube_FW_WL_V1.3.0, X-CUBE-ALGOBUILD_V1.3.0, X-CUBE-ALS_V1.0.1, X-CUBE-AZRTOS-F4_V1.1.0, X-CUBE-AZRTOS-F7_V1.1.0, X-CUBE-AZRTOS-G0_V1.1.0, X-CUBE-AZRTOS-G4_V2.0.0, X-CUBE-AZRTOS-H7_V3.1.0, X-CUBE-AZRTOS-L4_V1.0.0, X-CUBE-AZRTOS-L5_V1.1.0, X-CUBE-AZRTOS-WB_V1.1.0, X-CUBE-AZRTOS-WL_V1.0.0, X-CUBE-BLE1_V6.2.4, X-CUBE-BLE2_V3.3.0, X-CUBE-BLEMGR_V2.0.0, X-CUBE-EEPRMA1_V4.1.0, X-CUBE-FREERTOS_V1.0.1, X-CUBE-GNSS1_V6.0.0, X-CUBE-MEMS1_V9.1.0, X-CUBE-MEMS1_V9.4.0, X-CUBE-MEMS1_V9.6.0, X-CUBE-NFC4_V3.0.0, X-CUBE-NFC7_V1.0.0, X-CUBE-SFXS2LP1_V4.0.0, X-CUBE-SUBG2_V5.0.0]
2023-07-07 09:18:26,154 [INFO] ApiDb:240 - Found 297 in-development CPN: [B-G473E-ZEST1S, B-WB1M-WPAN1, B-WL5M-SUBG1, NUCLEO-C031C6, NUCLEO-H503RB, NUCLEO-H563ZI, NUCLEO-U545RE-Q, NUCLEO-U5A5ZJ-Q, NUCLEO-WBA52CG, STEVAL-PROTEUS1, STEVAL-STWINBX1, STM320518-EVAL, STM32C0116-DK, STM32C011D6Y3TR, STM32C011D6Y6TR, STM32C011F4P3, STM32C011F4P6, STM32C011F4U3, STM32C011F4U6TR, STM32C011F6P3, STM32C011F6P6, STM32C011F6U3, STM32C011F6U6TR, STM32C011J4M3, STM32C011J4M6, STM32C011J6M3, STM32C011J6M6, STM32C0316-DK, STM32C031C4T3, STM32C031C4T6, STM32C031C4U3, STM32C031C4U6, STM32C031C6T3, STM32C031C6T6, STM32C031C6U3, STM32C031C6U6, STM32C031F4P3, STM32C031F4P6, STM32C031F6P3, STM32C031F6P6, STM32C031G4U3, STM32C031G4U6, STM32C031G6U3, STM32C031G6U6, STM32C031K4T3, STM32C031K4T6, STM32C031K4U3, STM32C031K4U6, STM32C031K6T3, STM32C031K6T6, STM32C031K6U3, STM32C031K6U6, STM32G071K8TXN, STM32G071K8UXN, STM32G081GBU6N, STM32G081KBT6N, STM32G081KBUXN, STM32G0B1CCT6N, STM32G0B1KCT6, STM32G0B1NEY6TR, STM32G0B1RCT6N, STM32G0C1CCT6, STM32G0C1CCT6N, STM32G0C1CCU6N, STM32G0C1CET6N, STM32G0C1CEU6N, STM32G0C1KCT6, STM32G0C1NEY6TR, STM32G0C1RCI6N, STM32G0C1RCT6N, STM32G0C1REI6N, STM32G0C1RET6N, STM32G0C1VCI6, STM32G0C1VEI6, STM32G471CCT6, STM32G471CCU6, STM32G471CET3, STM32G471CET6, STM32G471CEU3, STM32G471CEU6, STM32G471MCT6, STM32G471MET3, STM32G471MET6, STM32G471MEY6TR, STM32G471QCT6, STM32G471QET3, STM32G471RCT6, STM32G471RET3, STM32G471RET6, STM32G471VCH6, STM32G471VCI6, STM32G471VCT6, STM32G471VEH3, STM32G471VEH6, STM32G471VEI3, STM32G471VEI6, STM32G471VET3, STM32G471VET6, STM32G474CCT6, STM32H503CBT6, STM32H503CBU6, STM32H503EBY6TR, STM32H503KBU6, STM32H503RBT6, STM32H562AGI6, STM32H562AII6, STM32H562IGK6, STM32H562IGT6, STM32H562IIK6, STM32H562IIT6, STM32H562RGT6, STM32H562RGV6, STM32H562RIT6, STM32H562RIV6, STM32H562VGT6, STM32H562VIT6, STM32H562ZGT6, STM32H562ZIT6, STM32H563AGI6, STM32H563AII3Q, STM32H563AII6, STM32H563IGK6, STM32H563IGT6, STM32H563IIK3Q, STM32H563IIK6, STM32H563IIT3Q, STM32H563IIT6, STM32H563MIY3QTR, STM32H563RGT6, STM32H563RGV6, STM32H563RIT6, STM32H563RIV6, STM32H563VGT6, STM32H563VIT3Q, STM32H563VIT6, STM32H563ZGT6, STM32H563ZIT3Q, STM32H563ZIT6, STM32H573AII3Q, STM32H573AII6, STM32H573I-DK, STM32H573IIK3Q, STM32H573IIK6, STM32H573IIT3Q, STM32H573IIT6, STM32H573MIY3QTR, STM32H573RIT6, STM32H573RIV6, STM32H573VIT3Q, STM32H573VIT6, STM32H573ZIT3Q, STM32H573ZIT6, STM32L4R5QGI6STR, STM32MP131AAE3, STM32MP131AAF3, STM32MP131AAG3, STM32MP131CAE3, STM32MP131CAF3, STM32MP131CAG3, STM32MP131DAE7, STM32MP131DAF7, STM32MP131DAG7, STM32MP131FAE7, STM32MP131FAF7, STM32MP131FAG7, STM32MP133AAE3, STM32MP133AAF3, STM32MP133AAG3, STM32MP133CAE3, STM32MP133CAF3, STM32MP133CAG3, STM32MP133DAE7, STM32MP133DAF7, STM32MP133DAG7, STM32MP133FAE7, STM32MP133FAF7, STM32MP133FAG7, STM32MP135AAE3, STM32MP135AAF3, STM32MP135AAG3, STM32MP135CAE3, STM32MP135CAF3, STM32MP135CAG3, STM32MP135DAE7, STM32MP135DAF7, STM32MP135DAG7, STM32MP135F-DK, STM32MP135FAE7, STM32MP135FAF7, STM32MP135FAF7T, STM32MP135FAF7U, STM32MP135FAG7, STM32U535CBT6, STM32U535CBT6Q, STM32U535CBU6, STM32U535CBU6Q, STM32U535CCT6, STM32U535CCT6Q, STM32U535CCU6, STM32U535CCU6Q, STM32U535CET6, STM32U535CET6Q, STM32U535CEU6, STM32U535CEU6Q, STM32U535JEY6QTR, STM32U535NCY6QTR, STM32U535NEY6QTR, STM32U535RBI6, STM32U535RBI6Q, STM32U535RBT6, STM32U535RBT6Q, STM32U535RCI6, STM32U535RCI6Q, STM32U535RCT6, STM32U535RCT6Q, STM32U535REI6, STM32U535REI6Q, STM32U535RET6, STM32U535RET6Q, STM32U535VCI6, STM32U535VCI6Q, STM32U535VCT6, STM32U535VCT6Q, STM32U535VEI6, STM32U535VEI6Q, STM32U535VET6, STM32U535VET6Q, STM32U545CET6, STM32U545CET6Q, STM32U545CEU6, STM32U545CEU6Q, STM32U545JEY6QTR, STM32U545NEY6QTR, STM32U545REI6, STM32U545REI6Q, STM32U545RET6, STM32U545RET6Q, STM32U545VEI6, STM32U545VEI6Q, STM32U545VET6, STM32U545VET6Q, STM32U595AIH6, STM32U595AIH6Q, STM32U595AJH6, STM32U595AJH6Q, STM32U595QII6, STM32U595QII6Q, STM32U595QJI6, STM32U595QJI6Q, STM32U595RIT6, STM32U595RIT6Q, STM32U595RJT6, STM32U595RJT6Q, STM32U595VIT6, STM32U595VIT6Q, STM32U595VJT6, STM32U595VJT6Q, STM32U595ZIT6, STM32U595ZIT6Q, STM32U595ZIY6QTR, STM32U595ZJT6, STM32U595ZJT6Q, STM32U595ZJY6QTR, STM32U599BJY6QTR, STM32U599NIH6Q, STM32U599NJH6Q, STM32U599VIT6Q, STM32U599VJT6, STM32U599VJT6Q, STM32U599ZIT6Q, STM32U599ZIY6QTR, STM32U599ZJT6Q, STM32U599ZJY6QTR, STM32U5A5AJH6, STM32U5A5AJH6Q, STM32U5A5QJI6, STM32U5A5QJI6Q, STM32U5A5RJT6, STM32U5A5RJT6Q, STM32U5A5VJT6, STM32U5A5VJT6Q, STM32U5A5ZJT6, STM32U5A5ZJT6Q, STM32U5A5ZJY6QTR, STM32U5A9BJY6QTR, STM32U5A9J-DK, STM32U5A9NJH6Q, STM32U5A9VJT6Q, STM32U5A9ZJT6Q, STM32U5A9ZJY6QTR, STM32WB1MMCH6, STM32WBA52CEU6, STM32WBA52CEU6T, STM32WBA52CGU6, STM32WBA52CGU6T, STM32WL5MOCH6, STM32WL5MOCH6TR]
2023-07-07 09:18:26,158 [INFO] DbMcus:216 - Found 3775 MCUs, 3775 are supported
2023-07-07 09:18:26,163 [INFO] ApiDb:423 - Load user favorites file C:\Users\90543/.stm32cubeide/favorites.mcus.txt: 0 item(s)
2023-07-07 09:18:26,163 [INFO] ApiDb:427 - User favorites MCUs=[]
2023-07-07 09:18:26,163 [INFO] DbMcus:222 - Set 0 / 0 favorites MCUs
2023-07-07 09:18:26,348 [INFO] ApiDb:668 - CubeFinder database Data Model version=2.1
2023-07-07 09:18:26,348 [INFO] ApiDb:669 - CubeFinder database Configuration version=3.0.35
2023-07-07 09:18:26,348 [INFO] ApiDb:670 - CubeFinder database generation date=2023-05-12 (1683877179)
2023-07-07 09:18:26,348 [INFO] ApiDb:671 - CubeFinder database FW Pack versions=[FP-ATR-ASTRA1_V2.0.0, FP-SNS-FLIGHT1_V5.0.0, FP-SNS-MOTENV1_V4.3.0, STM32Cube_FW_C0_V1.0.1, STM32Cube_FW_F0_V1.11.4, STM32Cube_FW_F3_V1.11.4, STM32Cube_FW_F4_V1.27.1, STM32Cube_FW_F7_V1.17.0, STM32Cube_FW_G0_V1.6.1, STM32Cube_FW_G4_V1.5.1, STM32Cube_FW_H5_V0.5.1, STM32Cube_FW_H5_V1.0.0, STM32Cube_FW_H7_V1.11.0, STM32Cube_FW_L0_V1.12.2, STM32Cube_FW_L5_V1.5.0, STM32Cube_FW_U5_V1.2.0, STM32Cube_FW_WBA_V1.0.0, STM32Cube_FW_WBA_V1.0.0RC1, STM32Cube_FW_WBA_V1.0.0RC3, STM32Cube_FW_WB_V1.15.0RC1, STM32Cube_FW_WB_V1.16.0, STM32Cube_FW_WB_V1.16.0RC2, STM32Cube_FW_WL_V1.3.0, X-CUBE-ALGOBUILD_V1.3.0, X-CUBE-ALS_V1.0.1, X-CUBE-AZRTOS-F4_V1.1.0, X-CUBE-AZRTOS-F7_V1.1.0, X-CUBE-AZRTOS-G0_V1.1.0, X-CUBE-AZRTOS-G4_V2.0.0, X-CUBE-AZRTOS-H7_V3.1.0, X-CUBE-AZRTOS-L4_V1.0.0, X-CUBE-AZRTOS-L5_V1.1.0, X-CUBE-AZRTOS-WB_V1.1.0, X-CUBE-AZRTOS-WL_V1.0.0, X-CUBE-BLE1_V6.2.4, X-CUBE-BLE2_V3.3.0, X-CUBE-BLEMGR_V2.0.0, X-CUBE-EEPRMA1_V4.1.0, X-CUBE-FREERTOS_V1.0.1, X-CUBE-GNSS1_V6.0.0, X-CUBE-MEMS1_V9.1.0, X-CUBE-MEMS1_V9.4.0, X-CUBE-MEMS1_V9.6.0, X-CUBE-NFC4_V3.0.0, X-CUBE-NFC7_V1.0.0, X-CUBE-SFXS2LP1_V4.0.0, X-CUBE-SUBG2_V5.0.0]
2023-07-07 09:18:26,396 [INFO] DbBoardsSqlite:226 - include board P-NUCLEO-WB55-NUCLEO as a kit item of type 'Nucleo-64'
2023-07-07 09:18:26,396 [INFO] DbBoardsSqlite:226 - include board P-NUCLEO-WB55-USBDONGLE as a kit item of type 'Nucleo USB Dongle'
2023-07-07 09:18:26,396 [INFO] DbBoardsSqlite:226 - include board STEVAL-IDP005V1 as a kit item of type 'Evaluation Board'
2023-07-07 09:18:26,396 [INFO] DbBoardsSqlite:226 - include board STEVAL-IDP005V2 as a kit item of type 'Evaluation Board'
2023-07-07 09:18:26,440 [INFO] ApiDb:240 - Found 297 in-development CPN: [B-G473E-ZEST1S, B-WB1M-WPAN1, B-WL5M-SUBG1, NUCLEO-C031C6, NUCLEO-H503RB, NUCLEO-H563ZI, NUCLEO-U545RE-Q, NUCLEO-U5A5ZJ-Q, NUCLEO-WBA52CG, STEVAL-PROTEUS1, STEVAL-STWINBX1, STM320518-EVAL, STM32C0116-DK, STM32C011D6Y3TR, STM32C011D6Y6TR, STM32C011F4P3, STM32C011F4P6, STM32C011F4U3, STM32C011F4U6TR, STM32C011F6P3, STM32C011F6P6, STM32C011F6U3, STM32C011F6U6TR, STM32C011J4M3, STM32C011J4M6, STM32C011J6M3, STM32C011J6M6, STM32C0316-DK, STM32C031C4T3, STM32C031C4T6, STM32C031C4U3, STM32C031C4U6, STM32C031C6T3, STM32C031C6T6, STM32C031C6U3, STM32C031C6U6, STM32C031F4P3, STM32C031F4P6, STM32C031F6P3, STM32C031F6P6, STM32C031G4U3, STM32C031G4U6, STM32C031G6U3, STM32C031G6U6, STM32C031K4T3, STM32C031K4T6, STM32C031K4U3, STM32C031K4U6, STM32C031K6T3, STM32C031K6T6, STM32C031K6U3, STM32C031K6U6, STM32G071K8TXN, STM32G071K8UXN, STM32G081GBU6N, STM32G081KBT6N, STM32G081KBUXN, STM32G0B1CCT6N, STM32G0B1KCT6, STM32G0B1NEY6TR, STM32G0B1RCT6N, STM32G0C1CCT6, STM32G0C1CCT6N, STM32G0C1CCU6N, STM32G0C1CET6N, STM32G0C1CEU6N, STM32G0C1KCT6, STM32G0C1NEY6TR, STM32G0C1RCI6N, STM32G0C1RCT6N, STM32G0C1REI6N, STM32G0C1RET6N, STM32G0C1VCI6, STM32G0C1VEI6, STM32G471CCT6, STM32G471CCU6, STM32G471CET3, STM32G471CET6, STM32G471CEU3, STM32G471CEU6, STM32G471MCT6, STM32G471MET3, STM32G471MET6, STM32G471MEY6TR, STM32G471QCT6, STM32G471QET3, STM32G471RCT6, STM32G471RET3, STM32G471RET6, STM32G471VCH6, STM32G471VCI6, STM32G471VCT6, STM32G471VEH3, STM32G471VEH6, STM32G471VEI3, STM32G471VEI6, STM32G471VET3, STM32G471VET6, STM32G474CCT6, STM32H503CBT6, STM32H503CBU6, STM32H503EBY6TR, STM32H503KBU6, STM32H503RBT6, STM32H562AGI6, STM32H562AII6, STM32H562IGK6, STM32H562IGT6, STM32H562IIK6, STM32H562IIT6, STM32H562RGT6, STM32H562RGV6, STM32H562RIT6, STM32H562RIV6, STM32H562VGT6, STM32H562VIT6, STM32H562ZGT6, STM32H562ZIT6, STM32H563AGI6, STM32H563AII3Q, STM32H563AII6, STM32H563IGK6, STM32H563IGT6, STM32H563IIK3Q, STM32H563IIK6, STM32H563IIT3Q, STM32H563IIT6, STM32H563MIY3QTR, STM32H563RGT6, STM32H563RGV6, STM32H563RIT6, STM32H563RIV6, STM32H563VGT6, STM32H563VIT3Q, STM32H563VIT6, STM32H563ZGT6, STM32H563ZIT3Q, STM32H563ZIT6, STM32H573AII3Q, STM32H573AII6, STM32H573I-DK, STM32H573IIK3Q, STM32H573IIK6, STM32H573IIT3Q, STM32H573IIT6, STM32H573MIY3QTR, STM32H573RIT6, STM32H573RIV6, STM32H573VIT3Q, STM32H573VIT6, STM32H573ZIT3Q, STM32H573ZIT6, STM32L4R5QGI6STR, STM32MP131AAE3, STM32MP131AAF3, STM32MP131AAG3, STM32MP131CAE3, STM32MP131CAF3, STM32MP131CAG3, STM32MP131DAE7, STM32MP131DAF7, STM32MP131DAG7, STM32MP131FAE7, STM32MP131FAF7, STM32MP131FAG7, STM32MP133AAE3, STM32MP133AAF3, STM32MP133AAG3, STM32MP133CAE3, STM32MP133CAF3, STM32MP133CAG3, STM32MP133DAE7, STM32MP133DAF7, STM32MP133DAG7, STM32MP133FAE7, STM32MP133FAF7, STM32MP133FAG7, STM32MP135AAE3, STM32MP135AAF3, STM32MP135AAG3, STM32MP135CAE3, STM32MP135CAF3, STM32MP135CAG3, STM32MP135DAE7, STM32MP135DAF7, STM32MP135DAG7, STM32MP135F-DK, STM32MP135FAE7, STM32MP135FAF7, STM32MP135FAF7T, STM32MP135FAF7U, STM32MP135FAG7, STM32U535CBT6, STM32U535CBT6Q, STM32U535CBU6, STM32U535CBU6Q, STM32U535CCT6, STM32U535CCT6Q, STM32U535CCU6, STM32U535CCU6Q, STM32U535CET6, STM32U535CET6Q, STM32U535CEU6, STM32U535CEU6Q, STM32U535JEY6QTR, STM32U535NCY6QTR, STM32U535NEY6QTR, STM32U535RBI6, STM32U535RBI6Q, STM32U535RBT6, STM32U535RBT6Q, STM32U535RCI6, STM32U535RCI6Q, STM32U535RCT6, STM32U535RCT6Q, STM32U535REI6, STM32U535REI6Q, STM32U535RET6, STM32U535RET6Q, STM32U535VCI6, STM32U535VCI6Q, STM32U535VCT6, STM32U535VCT6Q, STM32U535VEI6, STM32U535VEI6Q, STM32U535VET6, STM32U535VET6Q, STM32U545CET6, STM32U545CET6Q, STM32U545CEU6, STM32U545CEU6Q, STM32U545JEY6QTR, STM32U545NEY6QTR, STM32U545REI6, STM32U545REI6Q, STM32U545RET6, STM32U545RET6Q, STM32U545VEI6, STM32U545VEI6Q, STM32U545VET6, STM32U545VET6Q, STM32U595AIH6, STM32U595AIH6Q, STM32U595AJH6, STM32U595AJH6Q, STM32U595QII6, STM32U595QII6Q, STM32U595QJI6, STM32U595QJI6Q, STM32U595RIT6, STM32U595RIT6Q, STM32U595RJT6, STM32U595RJT6Q, STM32U595VIT6, STM32U595VIT6Q, STM32U595VJT6, STM32U595VJT6Q, STM32U595ZIT6, STM32U595ZIT6Q, STM32U595ZIY6QTR, STM32U595ZJT6, STM32U595ZJT6Q, STM32U595ZJY6QTR, STM32U599BJY6QTR, STM32U599NIH6Q, STM32U599NJH6Q, STM32U599VIT6Q, STM32U599VJT6, STM32U599VJT6Q, STM32U599ZIT6Q, STM32U599ZIY6QTR, STM32U599ZJT6Q, STM32U599ZJY6QTR, STM32U5A5AJH6, STM32U5A5AJH6Q, STM32U5A5QJI6, STM32U5A5QJI6Q, STM32U5A5RJT6, STM32U5A5RJT6Q, STM32U5A5VJT6, STM32U5A5VJT6Q, STM32U5A5ZJT6, STM32U5A5ZJT6Q, STM32U5A5ZJY6QTR, STM32U5A9BJY6QTR, STM32U5A9J-DK, STM32U5A9NJH6Q, STM32U5A9VJT6Q, STM32U5A9ZJT6Q, STM32U5A9ZJY6QTR, STM32WB1MMCH6, STM32WBA52CEU6, STM32WBA52CEU6T, STM32WBA52CGU6, STM32WBA52CGU6T, STM32WL5MOCH6, STM32WL5MOCH6TR]
2023-07-07 09:18:26,574 [INFO] BoardInfo:880 - No configuration file found for board P-NUCLEO-WB55
2023-07-07 09:18:26,574 [INFO] DbBoards:157 - Kit is not supported: P-NUCLEO-WB55
2023-07-07 09:18:26,579 [INFO] BoardInfo:880 - No configuration file found for board STEVAL-BFA001V1B
2023-07-07 09:18:26,579 [INFO] DbBoards:157 - Kit is not supported: STEVAL-BFA001V1B
2023-07-07 09:18:26,581 [INFO] BoardInfo:880 - No configuration file found for board STEVAL-BFA001V2B
2023-07-07 09:18:26,581 [INFO] DbBoards:157 - Kit is not supported: STEVAL-BFA001V2B
2023-07-07 09:18:26,693 [INFO] DbBoards:161 - Found 187 boards, 184 are supported
2023-07-07 09:18:26,696 [INFO] ApiDb:423 - Load user favorites file C:\Users\90543/.stm32cubeide/favorites.boards.txt: 0 item(s)
2023-07-07 09:18:26,696 [INFO] ApiDb:427 - User favorites Boards=[]
2023-07-07 09:18:26,696 [INFO] DbBoards:190 - Set 0 / 0 favorites Boards
2023-07-07 09:18:26,698 [INFO] ApiDb:668 - CubeFinder database Data Model version=2.1
2023-07-07 09:18:26,698 [INFO] ApiDb:669 - CubeFinder database Configuration version=3.0.35
2023-07-07 09:18:26,698 [INFO] ApiDb:670 - CubeFinder database generation date=2023-05-12 (1683877179)
2023-07-07 09:18:26,699 [INFO] ApiDb:671 - CubeFinder database FW Pack versions=[FP-ATR-ASTRA1_V2.0.0, FP-SNS-FLIGHT1_V5.0.0, FP-SNS-MOTENV1_V4.3.0, STM32Cube_FW_C0_V1.0.1, STM32Cube_FW_F0_V1.11.4, STM32Cube_FW_F3_V1.11.4, STM32Cube_FW_F4_V1.27.1, STM32Cube_FW_F7_V1.17.0, STM32Cube_FW_G0_V1.6.1, STM32Cube_FW_G4_V1.5.1, STM32Cube_FW_H5_V0.5.1, STM32Cube_FW_H5_V1.0.0, STM32Cube_FW_H7_V1.11.0, STM32Cube_FW_L0_V1.12.2, STM32Cube_FW_L5_V1.5.0, STM32Cube_FW_U5_V1.2.0, STM32Cube_FW_WBA_V1.0.0, STM32Cube_FW_WBA_V1.0.0RC1, STM32Cube_FW_WBA_V1.0.0RC3, STM32Cube_FW_WB_V1.15.0RC1, STM32Cube_FW_WB_V1.16.0, STM32Cube_FW_WB_V1.16.0RC2, STM32Cube_FW_WL_V1.3.0, X-CUBE-ALGOBUILD_V1.3.0, X-CUBE-ALS_V1.0.1, X-CUBE-AZRTOS-F4_V1.1.0, X-CUBE-AZRTOS-F7_V1.1.0, X-CUBE-AZRTOS-G0_V1.1.0, X-CUBE-AZRTOS-G4_V2.0.0, X-CUBE-AZRTOS-H7_V3.1.0, X-CUBE-AZRTOS-L4_V1.0.0, X-CUBE-AZRTOS-L5_V1.1.0, X-CUBE-AZRTOS-WB_V1.1.0, X-CUBE-AZRTOS-WL_V1.0.0, X-CUBE-BLE1_V6.2.4, X-CUBE-BLE2_V3.3.0, X-CUBE-BLEMGR_V2.0.0, X-CUBE-EEPRMA1_V4.1.0, X-CUBE-FREERTOS_V1.0.1, X-CUBE-GNSS1_V6.0.0, X-CUBE-MEMS1_V9.1.0, X-CUBE-MEMS1_V9.4.0, X-CUBE-MEMS1_V9.6.0, X-CUBE-NFC4_V3.0.0, X-CUBE-NFC7_V1.0.0, X-CUBE-SFXS2LP1_V4.0.0, X-CUBE-SUBG2_V5.0.0]
2023-07-07 09:18:27,528 [INFO] DbExamplesSqlite:376 - Ignored 45 examples not supported by CubeIDE
2023-07-07 09:18:27,528 [INFO] DbExamplesSqlite:377 - Found 7342 examples active
2023-07-07 09:18:27,528 [INFO] DbExamplesSqlite:378 - Found 1107 examples obsolete
2023-07-07 09:18:27,528 [INFO] DbExamplesSqlite:379 - Found 0 examples under development
2023-07-07 09:18:27,528 [INFO] DbExamplesSqlite:380 - Found 77 examples not building
2023-07-07 09:18:27,533 [INFO] DbExamples:125 - Found 7374 examples
2023-07-07 09:18:27,545 [INFO] DbExamples:222 - Found 92 boards with related examples
2023-07-07 09:18:27,547 [INFO] DbExamples:235 - Found 78 MCUs with related examples
2023-07-07 09:18:27,576 [INFO] ApiDb:423 - Load user favorites file C:\Users\90543/.stm32cubeide/favorites.examples.txt: 0 item(s)
2023-07-07 09:18:27,576 [INFO] ApiDb:427 - User favorites Examples=[]
2023-07-07 09:18:27,577 [INFO] DbExamples:250 - Set 0 / 0 favorites Examples
2023-07-07 09:18:27,881 [INFO] McuFinderGlobals:66 - Set McuFinderConnectedMode to true
2023-07-07 09:18:27,889 [INFO] MultiScanPanel:200 - Auto-refresh data requested => check proxy status ongoing
2023-07-07 09:18:27,893 [INFO] FinderPluginLoader:95 - Searching for filters in installed packs
2023-07-07 09:18:29,339 [INFO] LoadUrlFilesThread:185 - End of LoadServerUrlFiles without Thread
2023-07-07 09:18:29,492 [INFO] DetailPanel:341 - Set advertising image to C:/Users/90543/STM32Cube/Repository/\en.prom-stm32h5-mcu-finder.jpg
2023-07-07 09:18:30,553 [INFO] ToolPreferences:110 - Table McuList, key=mcufinder_cubeide.mculist: column name not found=IO
2023-07-07 09:18:30,554 [INFO] ToolPreferences:110 - Table McuList, key=mcufinder_cubeide.mculist: column name not found=Freq.
2023-07-07 09:19:40,521 [INFO] MultiScanPanel:200 - Auto-refresh data requested => check proxy status ongoing
2023-07-07 09:19:40,733 [INFO] LoadUrlFilesThread:185 - End of LoadServerUrlFiles without Thread
2023-07-07 09:19:40,733 [INFO] DetailPanel:341 - Set advertising image to C:/Users/90543/STM32Cube/Repository/\en.prom-stm32h5-mcu-finder.jpg
2023-07-07 09:19:40,749 [INFO] DbBoards:634 - Loading board mini-images...
2023-07-07 09:19:42,437 [INFO] DbBoards:657 - Loaded 187 board mini-images
2023-07-07 09:20:53,956 [INFO] MainUpdater:2854 - connection check result : 10
2023-07-07 09:20:53,956 [INFO] MainUpdater:2854 - connection check result : 10
2023-07-07 09:20:54,011 [INFO] MicroXplorer:468 - Change Database Path : 
2023-07-07 09:20:54,011 [INFO] MicroXplorer:498 - Change Database Version : DB.6.0.81
2023-07-07 09:20:54,011 [WARN] ThirdParty:871 - waiting for thirdparty lock release [close project]
2023-07-07 09:20:54,011 [INFO] ThirdParty:873 - entering critical section [close project]
2023-07-07 09:20:54,011 [INFO] ThirdParty:883 - exiting critical section [close project]
2023-07-07 09:20:54,016 [INFO] PinOutPanel:1499 - setPackage(No Configuration,No Configuration)
2023-07-07 09:20:54,028 [INFO] UtilMem:75 - Begin LoadConfig() Used Memory: 451779952 Bytes (735051776)
2023-07-07 09:20:54,028 [INFO] OpenFileManager:308 - Change cursor
2023-07-07 09:20:54,056 [WARN] IntegrityCheckThread:84 - waiting for thirdparty lock release [integrity check]
2023-07-07 09:20:54,056 [INFO] IntegrityCheckThread:86 - entering critical section [integrity check]
2023-07-07 09:20:54,308 [WARN] PackLoader:240 - Cannot read IP mode file for STMicroelectronics.X-CUBE-GNSS1.6.0.0
2023-07-07 09:20:54,347 [WARN] PackLoader:240 - Cannot read IP mode file for STMicroelectronics.X-CUBE-AZRTOS-F4.1.1.0
2023-07-07 09:20:54,362 [WARN] PackLoader:240 - Cannot read IP mode file for STMicroelectronics.X-CUBE-SMBUS.2.1.0
2023-07-07 09:20:54,377 [WARN] PackLoader:240 - Cannot read IP mode file for STMicroelectronics.X-CUBE-SUBG2.4.1.0
2023-07-07 09:20:54,433 [WARN] PackLoader:240 - Cannot read IP mode file for STMicroelectronics.X-CUBE-MEMS1.9.2.0
2023-07-07 09:20:54,567 [WARN] PackLoader:240 - Cannot read IP mode file for STMicroelectronics.X-CUBE-AZRTOS-H7.1.1.0
2023-07-07 09:20:54,597 [WARN] PackLoader:240 - Cannot read IP mode file for STMicroelectronics.X-CUBE-AZRTOS-F7.1.1.0
2023-07-07 09:20:54,642 [WARN] PackLoader:240 - Cannot read IP mode file for STMicroelectronics.X-CUBE-MEMS1.9.6.0
2023-07-07 09:20:54,787 [WARN] PackLoader:240 - Cannot read IP mode file for STMicroelectronics.X-CUBE-AI.7.1.0
2023-07-07 09:20:54,802 [WARN] PackLoader:240 - Cannot read IP mode file for STMicroelectronics.X-CUBE-TOUCHGFX.4.19.1
2023-07-07 09:20:54,817 [WARN] PackLoader:240 - Cannot read IP mode file for STMicroelectronics.FP-SNS-MOTENV1.4.3.2
2023-07-07 09:20:54,837 [ERROR] RealEvaluatedCondition:428 - Found unsupported composite condition: CLASS='Data Exchange' GROUP='STM32_MetaDataManager'
2023-07-07 09:20:54,837 [ERROR] RealEvaluatedCondition:428 - Found unsupported composite condition: GROUP='STM32_MetaDataManager' CLASS='Data Exchange'
2023-07-07 09:20:54,837 [WARN] PackLoader:240 - Cannot read IP mode file for STMicroelectronics.FP-SNS-MOTENV1.4.3.1
2023-07-07 09:20:54,852 [WARN] PackLoader:240 - Cannot read IP mode file for STMicroelectronics.FP-SNS-FLIGHT1.5.0.1
2023-07-07 09:20:54,868 [WARN] PackLoader:240 - Cannot read IP mode file for STMicroelectronics.X-CUBE-BLE1.6.2.3
2023-07-07 09:20:54,882 [WARN] PackLoader:240 - Cannot read IP mode file for STMicroelectronics.X-CUBE-EEPRMA1.3.0.0
2023-07-07 09:20:54,897 [WARN] PackLoader:240 - Cannot read IP mode file for STMicroelectronics.X-CUBE-BLE1.6.2.4
2023-07-07 09:20:54,912 [WARN] PackLoader:240 - Cannot read IP mode file for STMicroelectronics.X-CUBE-BLEMGR.2.0.0
2023-07-07 09:20:54,927 [WARN] PackLoader:240 - Cannot read IP mode file for STMicroelectronics.X-CUBE-BLE1.6.2.0
2023-07-07 09:20:54,942 [WARN] PackLoader:240 - Cannot read IP mode file for STMicroelectronics.X-CUBE-BLE1.6.2.1
2023-07-07 09:20:54,952 [WARN] PackLoader:240 - Cannot read IP mode file for STMicroelectronics.X-CUBE-BLE1.6.2.2
2023-07-07 09:20:54,997 [WARN] PackLoader:240 - Cannot read IP mode file for STMicroelectronics.X-CUBE-BLE2.3.2.1
2023-07-07 09:20:55,017 [WARN] PackLoader:240 - Cannot read IP mode file for STMicroelectronics.X-CUBE-NFC4.2.0.4
2023-07-07 09:20:55,027 [WARN] PackLoader:240 - Cannot read IP mode file for STMicroelectronics.X-CUBE-BLE2.3.2.2
2023-07-07 09:20:55,042 [WARN] PackLoader:240 - Cannot read IP mode file for STMicroelectronics.X-CUBE-NFC4.2.0.3
2023-07-07 09:20:55,058 [WARN] PackLoader:240 - Cannot read IP mode file for STMicroelectronics.X-CUBE-NFC4.2.0.2
2023-07-07 09:20:55,087 [WARN] ConditionMgr:438 - getConditionDescription Invalid condition id : UX DEVICE CLASS RTOS Condition cause : null
2023-07-07 09:20:55,087 [WARN] ConditionMgr:438 - getConditionDescription Invalid condition id : UX DEVICE CLASS RTOS Condition cause : null
2023-07-07 09:20:55,092 [WARN] PackLoader:240 - Cannot read IP mode file for STMicroelectronics.X-CUBE-AZRTOS-H7.3.1.0
2023-07-07 09:20:55,092 [WARN] ConditionMgr:1039 - genDependencies : Invalid condition id : UX DEVICE CLASS RTOS Condition cause : null
2023-07-07 09:20:55,092 [WARN] ConditionMgr:1039 - genDependencies : Invalid condition id : UX DEVICE CLASS RTOS Condition cause : null
2023-07-07 09:20:55,092 [WARN] ConditionMgr:1039 - genDependencies : Invalid condition id : UX DEVICE CLASS RTOS Condition cause : null
2023-07-07 09:20:55,092 [WARN] ConditionMgr:1039 - genDependencies : Invalid condition id : UX DEVICE CLASS RTOS Condition cause : null
2023-07-07 09:20:55,092 [WARN] ConditionMgr:1039 - genDependencies : Invalid condition id : UX DEVICE CLASS RTOS Condition cause : null
2023-07-07 09:20:55,107 [WARN] PackLoader:240 - Cannot read IP mode file for STMicroelectronics.X-CUBE-TOUCHGFX.4.19.0
2023-07-07 09:20:55,122 [WARN] PackLoader:240 - Cannot read IP mode file for STMicroelectronics.X-CUBE-TOF1.3.1.0
2023-07-07 09:20:55,137 [WARN] PackLoader:240 - Cannot read IP mode file for STMicroelectronics.X-CUBE-BLE2.3.2.0
2023-07-07 09:20:55,152 [WARN] PackLoader:240 - Cannot read IP mode file for STMicroelectronics.X-CUBE-SFXS2LP1.3.1.0
2023-07-07 09:20:55,167 [WARN] PackLoader:240 - Cannot read IP mode file for STMicroelectronics.X-CUBE-DISPLAY.3.0.0
2023-07-07 09:20:55,197 [WARN] PackLoader:240 - Cannot read IP mode file for STMicroelectronics.X-CUBE-AZRTOS-F4.1.0.0
2023-07-07 09:20:55,212 [WARN] PackLoader:240 - Cannot read IP mode file for STMicroelectronics.X-CUBE-TOF1.2.0.0
2023-07-07 09:20:55,222 [WARN] PackLoader:240 - Cannot read IP mode file for STMicroelectronics.X-CUBE-TOUCHGFX.4.22.0
2023-07-07 09:20:55,232 [WARN] PackLoader:240 - Cannot read IP mode file for STMicroelectronics.X-CUBE-NFC7.1.0.1
2023-07-07 09:20:55,247 [WARN] PackLoader:240 - Cannot read IP mode file for STMicroelectronics.X-CUBE-NFC7.1.0.0
2023-07-07 09:20:55,263 [WARN] PackLoader:240 - Cannot read IP mode file for STMicroelectronics.X-CUBE-SUBG2.4.2.0
2023-07-07 09:20:55,292 [WARN] PackLoader:240 - Cannot read IP mode file for STMicroelectronics.X-CUBE-AZRTOS-H7.1.0.0
2023-07-07 09:20:55,342 [WARN] PackLoader:240 - Cannot read IP mode file for STMicroelectronics.X-CUBE-MEMS1.9.3.0
2023-07-07 09:20:55,447 [WARN] PackLoader:240 - Cannot read IP mode file for STMicroelectronics.X-CUBE-EEPRMA1.4.1.0
2023-07-07 09:20:55,457 [WARN] PackLoader:240 - Cannot read IP mode file for STMicroelectronics.X-CUBE-AI.7.2.0
